                                      1 ;--------------------------------------------------------
                                      2 ; File Created by SDCC : free open source ANSI-C Compiler
                                      3 ; Version 4.2.0 #13081 (Linux)
                                      4 ;--------------------------------------------------------
                                      5 	.module usb_descr
                                      6 	.optsdcc -mmcs51 --model-small
                                      7 	
                                      8 ;--------------------------------------------------------
                                      9 ; Public variables in this module
                                     10 ;--------------------------------------------------------
                                     11 	.globl _InterfDescr
                                     12 	.globl _SerDescr
                                     13 	.globl _ProdDescr
                                     14 	.globl _ManufDescr
                                     15 	.globl _LangDescr
                                     16 	.globl _ReportDescrLen
                                     17 	.globl _ReportDescr
                                     18 	.globl _CfgDescr
                                     19 	.globl _DevDescr
                                     20 ;--------------------------------------------------------
                                     21 ; special function registers
                                     22 ;--------------------------------------------------------
                                     23 	.area RSEG    (ABS,DATA)
      000000                         24 	.org 0x0000
                                     25 ;--------------------------------------------------------
                                     26 ; special function bits
                                     27 ;--------------------------------------------------------
                                     28 	.area RSEG    (ABS,DATA)
      000000                         29 	.org 0x0000
                                     30 ;--------------------------------------------------------
                                     31 ; overlayable register banks
                                     32 ;--------------------------------------------------------
                                     33 	.area REG_BANK_0	(REL,OVR,DATA)
      000000                         34 	.ds 8
                                     35 ;--------------------------------------------------------
                                     36 ; internal ram data
                                     37 ;--------------------------------------------------------
                                     38 	.area DSEG    (DATA)
                                     39 ;--------------------------------------------------------
                                     40 ; overlayable items in internal ram
                                     41 ;--------------------------------------------------------
                                     42 ;--------------------------------------------------------
                                     43 ; indirectly addressable internal ram data
                                     44 ;--------------------------------------------------------
                                     45 	.area ISEG    (DATA)
                                     46 ;--------------------------------------------------------
                                     47 ; absolute internal ram data
                                     48 ;--------------------------------------------------------
                                     49 	.area IABS    (ABS,DATA)
                                     50 	.area IABS    (ABS,DATA)
                                     51 ;--------------------------------------------------------
                                     52 ; bit data
                                     53 ;--------------------------------------------------------
                                     54 	.area BSEG    (BIT)
                                     55 ;--------------------------------------------------------
                                     56 ; paged external ram data
                                     57 ;--------------------------------------------------------
                                     58 	.area PSEG    (PAG,XDATA)
                                     59 ;--------------------------------------------------------
                                     60 ; external ram data
                                     61 ;--------------------------------------------------------
                                     62 	.area XSEG    (XDATA)
                                     63 ;--------------------------------------------------------
                                     64 ; absolute external ram data
                                     65 ;--------------------------------------------------------
                                     66 	.area XABS    (ABS,XDATA)
                                     67 ;--------------------------------------------------------
                                     68 ; external initialized ram data
                                     69 ;--------------------------------------------------------
                                     70 	.area HOME    (CODE)
                                     71 	.area GSINIT0 (CODE)
                                     72 	.area GSINIT1 (CODE)
                                     73 	.area GSINIT2 (CODE)
                                     74 	.area GSINIT3 (CODE)
                                     75 	.area GSINIT4 (CODE)
                                     76 	.area GSINIT5 (CODE)
                                     77 	.area GSINIT  (CODE)
                                     78 	.area GSFINAL (CODE)
                                     79 	.area CSEG    (CODE)
                                     80 ;--------------------------------------------------------
                                     81 ; global & static initialisations
                                     82 ;--------------------------------------------------------
                                     83 	.area HOME    (CODE)
                                     84 	.area GSINIT  (CODE)
                                     85 	.area GSFINAL (CODE)
                                     86 	.area GSINIT  (CODE)
                                     87 ;--------------------------------------------------------
                                     88 ; Home
                                     89 ;--------------------------------------------------------
                                     90 	.area HOME    (CODE)
                                     91 	.area HOME    (CODE)
                                     92 ;--------------------------------------------------------
                                     93 ; code
                                     94 ;--------------------------------------------------------
                                     95 	.area CSEG    (CODE)
                                     96 	.area CSEG    (CODE)
                                     97 	.area CONST   (CODE)
      000000                         98 _DevDescr:
      000000 12                      99 	.db #0x12	; 18
      000001 01                     100 	.db #0x01	; 1
      000002 10 01                  101 	.byte #0x10, #0x01	; 272
      000004 00                     102 	.db #0x00	; 0
      000005 00                     103 	.db #0x00	; 0
      000006 00                     104 	.db #0x00	; 0
      000007 08                     105 	.db #0x08	; 8
      000008 89 11                  106 	.byte #0x89, #0x11	; 4489
      00000A 90 88                  107 	.byte #0x90, #0x88	; 34960
      00000C 00 01                  108 	.byte #0x00, #0x01	; 256
      00000E 01                     109 	.db #0x01	; 1
      00000F 02                     110 	.db #0x02	; 2
      000010 03                     111 	.db #0x03	; 3
      000011 01                     112 	.db #0x01	; 1
      000012                        113 _CfgDescr:
      000012 09                     114 	.db #0x09	; 9
      000013 02                     115 	.db #0x02	; 2
      000014 29 00                  116 	.byte #0x29, #0x00	; 41
      000016 01                     117 	.db #0x01	; 1
      000017 01                     118 	.db #0x01	; 1
      000018 00                     119 	.db #0x00	; 0
      000019 80                     120 	.db #0x80	; 128
      00001A 4B                     121 	.db #0x4b	; 75	'K'
      00001B 09                     122 	.db #0x09	; 9
      00001C 04                     123 	.db #0x04	; 4
      00001D 00                     124 	.db #0x00	; 0
      00001E 00                     125 	.db #0x00	; 0
      00001F 02                     126 	.db #0x02	; 2
      000020 03                     127 	.db #0x03	; 3
      000021 01                     128 	.db #0x01	; 1
      000022 01                     129 	.db #0x01	; 1
      000023 04                     130 	.db #0x04	; 4
      000024 09                     131 	.db #0x09	; 9
      000025 21                     132 	.db #0x21	; 33
      000026 10 01                  133 	.byte #0x10, #0x01	; 272
      000028 21                     134 	.db #0x21	; 33
      000029 01                     135 	.db #0x01	; 1
      00002A 22                     136 	.db #0x22	; 34
      00002B BF 00                  137 	.byte #0xbf, #0x00	; 191
      00002D 07                     138 	.db #0x07	; 7
      00002E 05                     139 	.db #0x05	; 5
      00002F 81                     140 	.db #0x81	; 129
      000030 03                     141 	.db #0x03	; 3
      000031 08 00                  142 	.byte #0x08, #0x00	; 8
      000033 01                     143 	.db #0x01	; 1
      000034 07                     144 	.db #0x07	; 7
      000035 05                     145 	.db #0x05	; 5
      000036 02                     146 	.db #0x02	; 2
      000037 03                     147 	.db #0x03	; 3
      000038 08 00                  148 	.byte #0x08, #0x00	; 8
      00003A 0A                     149 	.db #0x0a	; 10
      00003B                        150 _ReportDescr:
      00003B 05                     151 	.db #0x05	; 5
      00003C 01                     152 	.db #0x01	; 1
      00003D 09                     153 	.db #0x09	; 9
      00003E 06                     154 	.db #0x06	; 6
      00003F A1                     155 	.db #0xa1	; 161
      000040 01                     156 	.db #0x01	; 1
      000041 85                     157 	.db #0x85	; 133
      000042 01                     158 	.db #0x01	; 1
      000043 05                     159 	.db #0x05	; 5
      000044 07                     160 	.db #0x07	; 7
      000045 19                     161 	.db #0x19	; 25
      000046 E0                     162 	.db #0xe0	; 224
      000047 29                     163 	.db #0x29	; 41
      000048 E7                     164 	.db #0xe7	; 231
      000049 15                     165 	.db #0x15	; 21
      00004A 00                     166 	.db #0x00	; 0
      00004B 25                     167 	.db #0x25	; 37
      00004C 01                     168 	.db #0x01	; 1
      00004D 75                     169 	.db #0x75	; 117	'u'
      00004E 01                     170 	.db #0x01	; 1
      00004F 95                     171 	.db #0x95	; 149
      000050 08                     172 	.db #0x08	; 8
      000051 81                     173 	.db #0x81	; 129
      000052 02                     174 	.db #0x02	; 2
      000053 75                     175 	.db #0x75	; 117	'u'
      000054 08                     176 	.db #0x08	; 8
      000055 95                     177 	.db #0x95	; 149
      000056 01                     178 	.db #0x01	; 1
      000057 81                     179 	.db #0x81	; 129
      000058 03                     180 	.db #0x03	; 3
      000059 19                     181 	.db #0x19	; 25
      00005A 00                     182 	.db #0x00	; 0
      00005B 29                     183 	.db #0x29	; 41
      00005C E7                     184 	.db #0xe7	; 231
      00005D 15                     185 	.db #0x15	; 21
      00005E 00                     186 	.db #0x00	; 0
      00005F 26                     187 	.db #0x26	; 38
      000060 FF                     188 	.db #0xff	; 255
      000061 00                     189 	.db #0x00	; 0
      000062 75                     190 	.db #0x75	; 117	'u'
      000063 08                     191 	.db #0x08	; 8
      000064 95                     192 	.db #0x95	; 149
      000065 05                     193 	.db #0x05	; 5
      000066 81                     194 	.db #0x81	; 129
      000067 00                     195 	.db #0x00	; 0
      000068 05                     196 	.db #0x05	; 5
      000069 08                     197 	.db #0x08	; 8
      00006A 19                     198 	.db #0x19	; 25
      00006B 01                     199 	.db #0x01	; 1
      00006C 29                     200 	.db #0x29	; 41
      00006D 05                     201 	.db #0x05	; 5
      00006E 15                     202 	.db #0x15	; 21
      00006F 00                     203 	.db #0x00	; 0
      000070 25                     204 	.db #0x25	; 37
      000071 01                     205 	.db #0x01	; 1
      000072 75                     206 	.db #0x75	; 117	'u'
      000073 01                     207 	.db #0x01	; 1
      000074 95                     208 	.db #0x95	; 149
      000075 05                     209 	.db #0x05	; 5
      000076 91                     210 	.db #0x91	; 145
      000077 02                     211 	.db #0x02	; 2
      000078 75                     212 	.db #0x75	; 117	'u'
      000079 03                     213 	.db #0x03	; 3
      00007A 95                     214 	.db #0x95	; 149
      00007B 01                     215 	.db #0x01	; 1
      00007C 91                     216 	.db #0x91	; 145
      00007D 03                     217 	.db #0x03	; 3
      00007E C0                     218 	.db #0xc0	; 192
      00007F 05                     219 	.db #0x05	; 5
      000080 0C                     220 	.db #0x0c	; 12
      000081 09                     221 	.db #0x09	; 9
      000082 01                     222 	.db #0x01	; 1
      000083 A1                     223 	.db #0xa1	; 161
      000084 01                     224 	.db #0x01	; 1
      000085 85                     225 	.db #0x85	; 133
      000086 02                     226 	.db #0x02	; 2
      000087 19                     227 	.db #0x19	; 25
      000088 00                     228 	.db #0x00	; 0
      000089 2A                     229 	.db #0x2a	; 42
      00008A 3C                     230 	.db #0x3c	; 60
      00008B 02                     231 	.db #0x02	; 2
      00008C 15                     232 	.db #0x15	; 21
      00008D 00                     233 	.db #0x00	; 0
      00008E 26                     234 	.db #0x26	; 38
      00008F 3C                     235 	.db #0x3c	; 60
      000090 02                     236 	.db #0x02	; 2
      000091 75                     237 	.db #0x75	; 117	'u'
      000092 10                     238 	.db #0x10	; 16
      000093 95                     239 	.db #0x95	; 149
      000094 01                     240 	.db #0x01	; 1
      000095 81                     241 	.db #0x81	; 129
      000096 00                     242 	.db #0x00	; 0
      000097 C0                     243 	.db #0xc0	; 192
      000098 05                     244 	.db #0x05	; 5
      000099 01                     245 	.db #0x01	; 1
      00009A 09                     246 	.db #0x09	; 9
      00009B 02                     247 	.db #0x02	; 2
      00009C A1                     248 	.db #0xa1	; 161
      00009D 01                     249 	.db #0x01	; 1
      00009E 09                     250 	.db #0x09	; 9
      00009F 01                     251 	.db #0x01	; 1
      0000A0 A1                     252 	.db #0xa1	; 161
      0000A1 00                     253 	.db #0x00	; 0
      0000A2 85                     254 	.db #0x85	; 133
      0000A3 03                     255 	.db #0x03	; 3
      0000A4 05                     256 	.db #0x05	; 5
      0000A5 09                     257 	.db #0x09	; 9
      0000A6 19                     258 	.db #0x19	; 25
      0000A7 01                     259 	.db #0x01	; 1
      0000A8 29                     260 	.db #0x29	; 41
      0000A9 03                     261 	.db #0x03	; 3
      0000AA 15                     262 	.db #0x15	; 21
      0000AB 00                     263 	.db #0x00	; 0
      0000AC 25                     264 	.db #0x25	; 37
      0000AD 01                     265 	.db #0x01	; 1
      0000AE 75                     266 	.db #0x75	; 117	'u'
      0000AF 01                     267 	.db #0x01	; 1
      0000B0 95                     268 	.db #0x95	; 149
      0000B1 03                     269 	.db #0x03	; 3
      0000B2 81                     270 	.db #0x81	; 129
      0000B3 02                     271 	.db #0x02	; 2
      0000B4 75                     272 	.db #0x75	; 117	'u'
      0000B5 05                     273 	.db #0x05	; 5
      0000B6 95                     274 	.db #0x95	; 149
      0000B7 01                     275 	.db #0x01	; 1
      0000B8 81                     276 	.db #0x81	; 129
      0000B9 03                     277 	.db #0x03	; 3
      0000BA 05                     278 	.db #0x05	; 5
      0000BB 01                     279 	.db #0x01	; 1
      0000BC 09                     280 	.db #0x09	; 9
      0000BD 30                     281 	.db #0x30	; 48	'0'
      0000BE 09                     282 	.db #0x09	; 9
      0000BF 31                     283 	.db #0x31	; 49	'1'
      0000C0 09                     284 	.db #0x09	; 9
      0000C1 38                     285 	.db #0x38	; 56	'8'
      0000C2 15                     286 	.db #0x15	; 21
      0000C3 81                     287 	.db #0x81	; 129
      0000C4 25                     288 	.db #0x25	; 37
      0000C5 7F                     289 	.db #0x7f	; 127
      0000C6 75                     290 	.db #0x75	; 117	'u'
      0000C7 08                     291 	.db #0x08	; 8
      0000C8 95                     292 	.db #0x95	; 149
      0000C9 03                     293 	.db #0x03	; 3
      0000CA 81                     294 	.db #0x81	; 129
      0000CB 06                     295 	.db #0x06	; 6
      0000CC C0                     296 	.db #0xc0	; 192
      0000CD C0                     297 	.db #0xc0	; 192
      0000CE 05                     298 	.db #0x05	; 5
      0000CF 01                     299 	.db #0x01	; 1
      0000D0 09                     300 	.db #0x09	; 9
      0000D1 05                     301 	.db #0x05	; 5
      0000D2 A1                     302 	.db #0xa1	; 161
      0000D3 01                     303 	.db #0x01	; 1
      0000D4 A1                     304 	.db #0xa1	; 161
      0000D5 00                     305 	.db #0x00	; 0
      0000D6 85                     306 	.db #0x85	; 133
      0000D7 04                     307 	.db #0x04	; 4
      0000D8 05                     308 	.db #0x05	; 5
      0000D9 09                     309 	.db #0x09	; 9
      0000DA 19                     310 	.db #0x19	; 25
      0000DB 01                     311 	.db #0x01	; 1
      0000DC 29                     312 	.db #0x29	; 41
      0000DD 08                     313 	.db #0x08	; 8
      0000DE 15                     314 	.db #0x15	; 21
      0000DF 00                     315 	.db #0x00	; 0
      0000E0 25                     316 	.db #0x25	; 37
      0000E1 01                     317 	.db #0x01	; 1
      0000E2 75                     318 	.db #0x75	; 117	'u'
      0000E3 01                     319 	.db #0x01	; 1
      0000E4 95                     320 	.db #0x95	; 149
      0000E5 08                     321 	.db #0x08	; 8
      0000E6 81                     322 	.db #0x81	; 129
      0000E7 02                     323 	.db #0x02	; 2
      0000E8 05                     324 	.db #0x05	; 5
      0000E9 01                     325 	.db #0x01	; 1
      0000EA 09                     326 	.db #0x09	; 9
      0000EB 30                     327 	.db #0x30	; 48	'0'
      0000EC 09                     328 	.db #0x09	; 9
      0000ED 31                     329 	.db #0x31	; 49	'1'
      0000EE 15                     330 	.db #0x15	; 21
      0000EF 81                     331 	.db #0x81	; 129
      0000F0 25                     332 	.db #0x25	; 37
      0000F1 7F                     333 	.db #0x7f	; 127
      0000F2 75                     334 	.db #0x75	; 117	'u'
      0000F3 08                     335 	.db #0x08	; 8
      0000F4 95                     336 	.db #0x95	; 149
      0000F5 02                     337 	.db #0x02	; 2
      0000F6 81                     338 	.db #0x81	; 129
      0000F7 02                     339 	.db #0x02	; 2
      0000F8 C0                     340 	.db #0xc0	; 192
      0000F9 C0                     341 	.db #0xc0	; 192
      0000FA                        342 _ReportDescrLen:
      0000FA BF                     343 	.db #0xbf	; 191
      0000FB                        344 _LangDescr:
      0000FB 04 03                  345 	.byte #0x04, #0x03	; 772
      0000FD 09 04                  346 	.byte #0x09, #0x04	; 1033
      0000FF                        347 _ManufDescr:
      0000FF 1C 03                  348 	.byte #0x1c, #0x03	; 796
      000101 67 00                  349 	.byte #0x67, #0x00	; 103
      000103 65 00                  350 	.byte #0x65, #0x00	; 101
      000105 6E 00                  351 	.byte #0x6e, #0x00	; 110
      000107 65 00                  352 	.byte #0x65, #0x00	; 101
      000109 72 00                  353 	.byte #0x72, #0x00	; 114
      00010B 69 00                  354 	.byte #0x69, #0x00	; 105
      00010D 63 00                  355 	.byte #0x63, #0x00	; 99
      00010F 64 00                  356 	.byte #0x64, #0x00	; 100
      000111 65 00                  357 	.byte #0x65, #0x00	; 101
      000113 76 00                  358 	.byte #0x76, #0x00	; 118
      000115 69 00                  359 	.byte #0x69, #0x00	; 105
      000117 63 00                  360 	.byte #0x63, #0x00	; 99
      000119 65 00                  361 	.byte #0x65, #0x00	; 101
      00011B                        362 _ProdDescr:
      00011B 1A 03                  363 	.byte #0x1a, #0x03	; 794
      00011D 48 00                  364 	.byte #0x48, #0x00	; 72
      00011F 49 00                  365 	.byte #0x49, #0x00	; 73
      000121 44 00                  366 	.byte #0x44, #0x00	; 68
      000123 20 00                  367 	.byte #0x20, #0x00	; 32
      000125 4B 00                  368 	.byte #0x4b, #0x00	; 75
      000127 65 00                  369 	.byte #0x65, #0x00	; 101
      000129 79 00                  370 	.byte #0x79, #0x00	; 121
      00012B 62 00                  371 	.byte #0x62, #0x00	; 98
      00012D 6F 00                  372 	.byte #0x6f, #0x00	; 111
      00012F 61 00                  373 	.byte #0x61, #0x00	; 97
      000131 72 00                  374 	.byte #0x72, #0x00	; 114
      000133 64 00                  375 	.byte #0x64, #0x00	; 100
      000135                        376 _SerDescr:
      000135 14 03                  377 	.byte #0x14, #0x03	; 788
      000137 43 00                  378 	.byte #0x43, #0x00	; 67
      000139 48 00                  379 	.byte #0x48, #0x00	; 72
      00013B 35 00                  380 	.byte #0x35, #0x00	; 53
      00013D 35 00                  381 	.byte #0x35, #0x00	; 53
      00013F 32 00                  382 	.byte #0x32, #0x00	; 50
      000141 78 00                  383 	.byte #0x78, #0x00	; 120
      000143 48 00                  384 	.byte #0x48, #0x00	; 72
      000145 49 00                  385 	.byte #0x49, #0x00	; 73
      000147 44 00                  386 	.byte #0x44, #0x00	; 68
      000149                        387 _InterfDescr:
      000149 1A 03                  388 	.byte #0x1a, #0x03	; 794
      00014B 48 00                  389 	.byte #0x48, #0x00	; 72
      00014D 49 00                  390 	.byte #0x49, #0x00	; 73
      00014F 44 00                  391 	.byte #0x44, #0x00	; 68
      000151 2D 00                  392 	.byte #0x2d, #0x00	; 45
      000153 4B 00                  393 	.byte #0x4b, #0x00	; 75
      000155 65 00                  394 	.byte #0x65, #0x00	; 101
      000157 79 00                  395 	.byte #0x79, #0x00	; 121
      000159 62 00                  396 	.byte #0x62, #0x00	; 98
      00015B 6F 00                  397 	.byte #0x6f, #0x00	; 111
      00015D 61 00                  398 	.byte #0x61, #0x00	; 97
      00015F 72 00                  399 	.byte #0x72, #0x00	; 114
      000161 64 00                  400 	.byte #0x64, #0x00	; 100
                                    401 	.area CABS    (ABS,CODE)
